<?xml version="1.0" encoding="UTF-8"?>
<testng-results skipped="1" failed="0" total="1" passed="0">
  <reporter-output>
  </reporter-output>
  <suite name="Default suite" duration-ms="533" started-at="2014-06-10T15:19:38Z" finished-at="2014-06-10T15:19:38Z">
    <groups>
    </groups>
    <test name="Default test" duration-ms="533" started-at="2014-06-10T15:19:38Z" finished-at="2014-06-10T15:19:38Z">
      <class name="se.copernicus.Android.AndroidSimulator">
        <test-method status="FAIL" signature="SetUp()[pri:0, instance:se.copernicus.Android.AndroidSimulator@6f9bb25a]" name="SetUp" is-config="true" duration-ms="0" started-at="2014-06-10T17:19:38Z" finished-at="2014-06-10T17:19:38Z">
          <exception class="org.openqa.selenium.WebDriverException">
            <message>
              <![CDATA[Not yet implemented. Please help us: http://appium.io/get-involved.html (WARNING: The server did not provide any stacktrace information)
Command duration or timeout: 6 milliseconds
Build info: version: 'unknown', revision: 'unknown', time: 'unknown'
System info: host: 'marten-rexs-mac-pro.local', ip: '10.1.21.128', os.name: 'Mac OS X', os.arch: 'x86_64', os.version: '10.9.2', java.version: '1.6.0_65'
Session ID: de8c6345-548c-4b77-c0c3-009da4e717b1
Driver info: org.openqa.selenium.remote.RemoteWebDriver
Capabilities [{platformVersion=4.1, platform=LINUX, javascriptEnabled=true, databaseEnabled=false, browserName=Android, webStorageEnabled=false, desired={}, warnings={}, takesScreenshot=true}]]]>
            </message>
            <full-stacktrace>
              <![CDATA[org.openqa.selenium.WebDriverException: Not yet implemented. Please help us: http://appium.io/get-involved.html (WARNING: The server did not provide any stacktrace information)
Command duration or timeout: 6 milliseconds
Build info: version: 'unknown', revision: 'unknown', time: 'unknown'
System info: host: 'marten-rexs-mac-pro.local', ip: '10.1.21.128', os.name: 'Mac OS X', os.arch: 'x86_64', os.version: '10.9.2', java.version: '1.6.0_65'
Session ID: de8c6345-548c-4b77-c0c3-009da4e717b1
Driver info: org.openqa.selenium.remote.RemoteWebDriver
Capabilities [{platformVersion=4.1, platform=LINUX, javascriptEnabled=true, databaseEnabled=false, browserName=Android, webStorageEnabled=false, desired={}, warnings={}, takesScreenshot=true}]
	at sun.reflect.NativeConstructorAccessorImpl.newInstance0(Native Method)
	at sun.reflect.NativeConstructorAccessorImpl.newInstance(NativeConstructorAccessorImpl.java:39)
	at sun.reflect.DelegatingConstructorAccessorImpl.newInstance(DelegatingConstructorAccessorImpl.java:27)
	at java.lang.reflect.Constructor.newInstance(Constructor.java:513)
	at org.openqa.selenium.remote.ErrorHandler.createThrowable(ErrorHandler.java:193)
	at org.openqa.selenium.remote.ErrorHandler.throwIfResponseFailed(ErrorHandler.java:145)
	at org.openqa.selenium.remote.RemoteWebDriver.execute(RemoteWebDriver.java:595)
	at org.openqa.selenium.remote.RemoteWebDriver.execute(RemoteWebDriver.java:610)
	at org.openqa.selenium.remote.RemoteWebDriver.close(RemoteWebDriver.java:459)
	at se.copernicus.Android.AndroidSimulator.SetUp(AndroidSimulator.java:44)
	at sun.reflect.NativeMethodAccessorImpl.invoke0(Native Method)
	at sun.reflect.NativeMethodAccessorImpl.invoke(NativeMethodAccessorImpl.java:39)
	at sun.reflect.DelegatingMethodAccessorImpl.invoke(DelegatingMethodAccessorImpl.java:25)
	at java.lang.reflect.Method.invoke(Method.java:597)
	at org.testng.internal.MethodInvocationHelper.invokeMethod(MethodInvocationHelper.java:84)
	at org.testng.internal.Invoker.invokeConfigurationMethod(Invoker.java:564)
	at org.testng.internal.Invoker.invokeConfigurations(Invoker.java:213)
	at org.testng.internal.Invoker.invokeMethod(Invoker.java:653)
	at org.testng.internal.Invoker.invokeTestMethod(Invoker.java:901)
	at org.testng.internal.Invoker.invokeTestMethods(Invoker.java:1231)
	at org.testng.internal.TestMethodWorker.invokeTestMethods(TestMethodWorker.java:127)
	at org.testng.internal.TestMethodWorker.run(TestMethodWorker.java:111)
	at org.testng.TestRunner.privateRun(TestRunner.java:767)
	at org.testng.TestRunner.run(TestRunner.java:617)
	at org.testng.SuiteRunner.runTest(SuiteRunner.java:334)
	at org.testng.SuiteRunner.runSequentially(SuiteRunner.java:329)
	at org.testng.SuiteRunner.privateRun(SuiteRunner.java:291)
	at org.testng.SuiteRunner.run(SuiteRunner.java:240)
	at org.testng.SuiteRunnerWorker.runSuite(SuiteRunnerWorker.java:52)
	at org.testng.SuiteRunnerWorker.run(SuiteRunnerWorker.java:86)
	at org.testng.TestNG.runSuitesSequentially(TestNG.java:1224)
	at org.testng.TestNG.runSuitesLocally(TestNG.java:1149)
	at org.testng.TestNG.run(TestNG.java:1057)
	at org.testng.remote.RemoteTestNG.run(RemoteTestNG.java:111)
	at org.testng.remote.RemoteTestNG.initAndRun(RemoteTestNG.java:204)
	at org.testng.remote.RemoteTestNG.main(RemoteTestNG.java:175)
]]>
            </full-stacktrace>
          </exception> <!-- org.openqa.selenium.WebDriverException -->
          <reporter-output>
          </reporter-output>
        </test-method> <!-- SetUp -->
        <test-method status="SKIP" signature="Login()[pri:0, instance:se.copernicus.Android.AndroidSimulator@6f9bb25a]" name="Login" duration-ms="1" started-at="2014-06-10T17:19:38Z" finished-at="2014-06-10T17:19:38Z">
          <reporter-output>
          </reporter-output>
        </test-method> <!-- Login -->
        <test-method status="SKIP" signature="TearDown()[pri:0, instance:se.copernicus.Android.AndroidSimulator@6f9bb25a]" name="TearDown" is-config="true" duration-ms="0" started-at="2014-06-10T17:19:38Z" finished-at="2014-06-10T17:19:38Z">
          <reporter-output>
          </reporter-output>
        </test-method> <!-- TearDown -->
      </class> <!-- se.copernicus.Android.AndroidSimulator -->
    </test> <!-- Default test -->
  </suite> <!-- Default suite -->
</testng-results>
