<?xml version="1.0" encoding="UTF-8"?>
<testng-results skipped="0" failed="0" total="1" passed="1">
  <reporter-output>
    <line>
      <![CDATA[Login script]]>
    </line>
    <line>
      <![CDATA[Login successfull]]>
    </line>
    <line>
      <![CDATA[Invalid Login script]]>
    </line>
    <line>
      <![CDATA[Invalid Login tested Successfully]]>
    </line>
    <line>
      <![CDATA[Delete User script]]>
    </line>
    <line>
      <![CDATA[Invalid Password script]]>
    </line>
    <line>
      <![CDATA[Login By entering correct password]]>
    </line>
    <line>
      <![CDATA[Search script]]>
    </line>
    <line>
      <![CDATA[Add Time Report script]]>
    </line>
    <line>
      <![CDATA[Edit Time Report script]]>
    </line>
    <line>
      <![CDATA[Delete Time Report script]]>
    </line>
    <line>
      <![CDATA[Add Event Time Report script]]>
    </line>
    <line>
      <![CDATA[Validate Missing Hours and Submit time report]]>
    </line>
    <line>
      <![CDATA[Validate Contact Staff]]>
    </line>
    <line>
      <![CDATA[Logout script]]>
    </line>
  </reporter-output>
  <suite name="TestSuite" duration-ms="126638" started-at="2014-06-20T11:01:08Z" finished-at="2014-06-20T11:03:15Z">
    <groups>
    </groups>
    <test name="IOSTesting" duration-ms="126638" started-at="2014-06-20T11:01:08Z" finished-at="2014-06-20T11:03:15Z">
      <class name="se.copernicus.IOS.IOSSimulator">
        <test-method status="PASS" signature="setUp()[pri:0, instance:se.copernicus.IOS.IOSSimulator@3df78040]" name="setUp" is-config="true" duration-ms="4368" started-at="2014-06-20T16:31:08Z" finished-at="2014-06-20T16:31:12Z">
          <reporter-output>
          </reporter-output>
        </test-method> <!-- setUp -->
        <test-method status="PASS" signature="TestScript1()[pri:0, instance:se.copernicus.IOS.IOSSimulator@3df78040]" name="TestScript1" duration-ms="122248" started-at="2014-06-20T16:31:12Z" finished-at="2014-06-20T16:33:15Z">
          <reporter-output>
            <line>
              <![CDATA[Login script]]>
            </line>
            <line>
              <![CDATA[Login successfull]]>
            </line>
            <line>
              <![CDATA[Invalid Login script]]>
            </line>
            <line>
              <![CDATA[Invalid Login tested Successfully]]>
            </line>
            <line>
              <![CDATA[Delete User script]]>
            </line>
            <line>
              <![CDATA[Invalid Password script]]>
            </line>
            <line>
              <![CDATA[Login By entering correct password]]>
            </line>
            <line>
              <![CDATA[Search script]]>
            </line>
            <line>
              <![CDATA[Add Time Report script]]>
            </line>
            <line>
              <![CDATA[Edit Time Report script]]>
            </line>
            <line>
              <![CDATA[Delete Time Report script]]>
            </line>
            <line>
              <![CDATA[Add Event Time Report script]]>
            </line>
            <line>
              <![CDATA[Validate Missing Hours and Submit time report]]>
            </line>
            <line>
              <![CDATA[Validate Contact Staff]]>
            </line>
            <line>
              <![CDATA[Logout script]]>
            </line>
          </reporter-output>
        </test-method> <!-- TestScript1 -->
        <test-method status="PASS" signature="tearDown()[pri:0, instance:se.copernicus.IOS.IOSSimulator@3df78040]" name="tearDown" is-config="true" duration-ms="1" started-at="2014-06-20T16:33:15Z" finished-at="2014-06-20T16:33:15Z">
          <reporter-output>
          </reporter-output>
        </test-method> <!-- tearDown -->
      </class> <!-- se.copernicus.IOS.IOSSimulator -->
    </test> <!-- IOSTesting -->
  </suite> <!-- TestSuite -->
</testng-results>
