<?xml version="1.0" encoding="UTF-8"?>
<!-- Generated by org.testng.reporters.JUnitXMLReporter -->
<testsuite hostname="IPPRAKASHKUMAR" name="Default test" tests="14" failures="0" timestamp="16 Jul 2014 10:41:53 GMT" time="0.175" errors="0">
  <testcase name="AutomationTestScripts" time="0.011" classname="se.copernicus.IOS.IOSSimulatorTest"/>
  <testcase name="LoginFieldsValidation" time="0.0010" classname="se.copernicus.IOS.IOSSimulatorTest"/>
  <testcase name="InvalidLogin" time="0.0010" classname="se.copernicus.IOS.IOSSimulatorTest"/>
  <testcase name="DeleteUser" time="0.0010" classname="se.copernicus.IOS.IOSSimulatorTest"/>
  <testcase name="InvalidPassword" time="0.0010" classname="se.copernicus.IOS.IOSSimulatorTest"/>
  <testcase name="Login" time="0.0010" classname="se.copernicus.IOS.IOSSimulatorTest"/>
  <testcase name="SearchCompany" time="0.0010" classname="se.copernicus.IOS.IOSSimulatorTest"/>
  <testcase name="AddTimeReport" time="0.0010" classname="se.copernicus.IOS.IOSSimulatorTest"/>
  <testcase name="EditTimeReport" time="0.0020" classname="se.copernicus.IOS.IOSSimulatorTest"/>
  <testcase name="DeleteTimeReport" time="0.0020" classname="se.copernicus.IOS.IOSSimulatorTest"/>
  <testcase name="AddEventTimeReport" time="0.0010" classname="se.copernicus.IOS.IOSSimulatorTest"/>
  <testcase name="ValidateMissingHoursAndSubmit" time="0.0010" classname="se.copernicus.IOS.IOSSimulatorTest"/>
  <testcase name="ValidateContactStaff" time="0.0010" classname="se.copernicus.IOS.IOSSimulatorTest"/>
  <testcase name="Logout" time="0.0010" classname="se.copernicus.IOS.IOSSimulatorTest"/>
</testsuite> <!-- Default test -->
