<?xml version="1.0" encoding="UTF-8"?>
<!-- Generated by org.testng.reporters.JUnitXMLReporter -->
<testsuite hostname="IPPRAKASHKUMAR" name="Default test" tests="4" failures="0" timestamp="6 Oct 2014 08:59:09 GMT" time="129.321" errors="0">
  <testcase name="test1SearchCompany" time="40.401" classname="se.copernicus.IOS.TimeReport"/>
  <testcase name="test2AddTimeReport" time="30.093" classname="se.copernicus.IOS.TimeReport"/>
  <testcase name="test3EditTimeReport" time="20.11" classname="se.copernicus.IOS.TimeReport"/>
  <testcase name="test4DeleteTimeReport" time="21.855" classname="se.copernicus.IOS.TimeReport"/>
</testsuite> <!-- Default test -->
