<?xml version="1.0" encoding="UTF-8"?>
<!-- Generated by org.testng.reporters.JUnitXMLReporter -->
<testsuite hostname="marten-rexs-mac-pro.local" name="Default test" tests="1" failures="0" timestamp="10 Jun 2014 15:19:38 GMT" time="0.533" errors="0">
  <testcase name="@BeforeMethod SetUp" time="0.0" classname="se.copernicus.Android.AndroidSimulator">
    <failure type="org.openqa.selenium.WebDriverException" message="Not yet implemented. Please help us: http://appium.io/get-involved.html (WARNING: The server did not provide any stacktrace information)
Command duration or timeout: 6 milliseconds
Build info: version: &amp;apos;unknown&amp;apos;, revision: &amp;apos;unknown&amp;apos;, time: &amp;apos;unknown&amp;apos;
System info: host: &amp;apos;marten-rexs-mac-pro.local&amp;apos;, ip: &amp;apos;10.1.21.128&amp;apos;, os.name: &amp;apos;Mac OS X&amp;apos;, os.arch: &amp;apos;x86_64&amp;apos;, os.version: &amp;apos;10.9.2&amp;apos;, java.version: &amp;apos;1.6.0_65&amp;apos;
Session ID: de8c6345-548c-4b77-c0c3-009da4e717b1
Driver info: org.openqa.selenium.remote.RemoteWebDriver
Capabilities [{platformVersion=4.1, platform=LINUX, javascriptEnabled=true, databaseEnabled=false, browserName=Android, webStorageEnabled=false, desired={}, warnings={}, takesScreenshot=true}]">
      <![CDATA[org.openqa.selenium.WebDriverException: Not yet implemented. Please help us: http://appium.io/get-involved.html (WARNING: The server did not provide any stacktrace information)
Command duration or timeout: 6 milliseconds
Build info: version: 'unknown', revision: 'unknown', time: 'unknown'
System info: host: 'marten-rexs-mac-pro.local', ip: '10.1.21.128', os.name: 'Mac OS X', os.arch: 'x86_64', os.version: '10.9.2', java.version: '1.6.0_65'
Session ID: de8c6345-548c-4b77-c0c3-009da4e717b1
Driver info: org.openqa.selenium.remote.RemoteWebDriver
Capabilities [{platformVersion=4.1, platform=LINUX, javascriptEnabled=true, databaseEnabled=false, browserName=Android, webStorageEnabled=false, desired={}, warnings={}, takesScreenshot=true}]
	at sun.reflect.NativeConstructorAccessorImpl.newInstance0(Native Method)
	at sun.reflect.NativeConstructorAccessorImpl.newInstance(NativeConstructorAccessorImpl.java:39)
	at sun.reflect.DelegatingConstructorAccessorImpl.newInstance(DelegatingConstructorAccessorImpl.java:27)
	at java.lang.reflect.Constructor.newInstance(Constructor.java:513)
	at org.openqa.selenium.remote.ErrorHandler.createThrowable(ErrorHandler.java:193)
	at org.openqa.selenium.remote.ErrorHandler.throwIfResponseFailed(ErrorHandler.java:145)
	at org.openqa.selenium.remote.RemoteWebDriver.execute(RemoteWebDriver.java:595)
	at org.openqa.selenium.remote.RemoteWebDriver.execute(RemoteWebDriver.java:610)
	at org.openqa.selenium.remote.RemoteWebDriver.close(RemoteWebDriver.java:459)
	at se.copernicus.Android.AndroidSimulator.SetUp(AndroidSimulator.java:44)
	at sun.reflect.NativeMethodAccessorImpl.invoke0(Native Method)
	at sun.reflect.NativeMethodAccessorImpl.invoke(NativeMethodAccessorImpl.java:39)
	at sun.reflect.DelegatingMethodAccessorImpl.invoke(DelegatingMethodAccessorImpl.java:25)
	at java.lang.reflect.Method.invoke(Method.java:597)
	at org.testng.internal.MethodInvocationHelper.invokeMethod(MethodInvocationHelper.java:84)
	at org.testng.internal.Invoker.invokeConfigurationMethod(Invoker.java:564)
	at org.testng.internal.Invoker.invokeConfigurations(Invoker.java:213)
	at org.testng.internal.Invoker.invokeMethod(Invoker.java:653)
	at org.testng.internal.Invoker.invokeTestMethod(Invoker.java:901)
	at org.testng.internal.Invoker.invokeTestMethods(Invoker.java:1231)
	at org.testng.internal.TestMethodWorker.invokeTestMethods(TestMethodWorker.java:127)
	at org.testng.internal.TestMethodWorker.run(TestMethodWorker.java:111)
	at org.testng.TestRunner.privateRun(TestRunner.java:767)
	at org.testng.TestRunner.run(TestRunner.java:617)
	at org.testng.SuiteRunner.runTest(SuiteRunner.java:334)
	at org.testng.SuiteRunner.runSequentially(SuiteRunner.java:329)
	at org.testng.SuiteRunner.privateRun(SuiteRunner.java:291)
	at org.testng.SuiteRunner.run(SuiteRunner.java:240)
	at org.testng.SuiteRunnerWorker.runSuite(SuiteRunnerWorker.java:52)
	at org.testng.SuiteRunnerWorker.run(SuiteRunnerWorker.java:86)
	at org.testng.TestNG.runSuitesSequentially(TestNG.java:1224)
	at org.testng.TestNG.runSuitesLocally(TestNG.java:1149)
	at org.testng.TestNG.run(TestNG.java:1057)
	at org.testng.remote.RemoteTestNG.run(RemoteTestNG.java:111)
	at org.testng.remote.RemoteTestNG.initAndRun(RemoteTestNG.java:204)
	at org.testng.remote.RemoteTestNG.main(RemoteTestNG.java:175)
]]>
    </failure>
  </testcase> <!-- @BeforeMethod SetUp -->
  <testcase name="@AfterMethod TearDown" time="0.0" classname="se.copernicus.Android.AndroidSimulator">
    <skipped/>
  </testcase> <!-- @AfterMethod TearDown -->
  <testcase name="Login" time="0.0010" classname="se.copernicus.Android.AndroidSimulator">
    <skipped/>
  </testcase> <!-- Login -->
</testsuite> <!-- Default test -->
